<?xml version="1.0" encoding="UTF-8"?>
<coverage generated="1779773238606" clover="3.2.0">
  <project timestamp="1779773238607" name="All files">
    <metrics statements="16" coveredstatements="16" conditionals="24" coveredconditionals="24" methods="1" coveredmethods="1" elements="41" coveredelements="41" complexity="0" loc="16" ncloc="16" packages="1" files="1" classes="1"/>
    <file name="membershipFlow.ts" path="/home/runner/work/hopecosa/hopecosa/utils/membershipFlow.ts">
      <metrics statements="16" coveredstatements="16" conditionals="24" coveredconditionals="24" methods="1" coveredmethods="1"/>
      <line num="15" count="12" type="cond" truecount="2" falsecount="0"/>
      <line num="16" count="1" type="stmt"/>
      <line num="19" count="11" type="stmt"/>
      <line num="21" count="11" type="cond" truecount="4" falsecount="0"/>
      <line num="22" count="1" type="stmt"/>
      <line num="25" count="10" type="cond" truecount="4" falsecount="0"/>
      <line num="26" count="2" type="stmt"/>
      <line num="29" count="8" type="cond" truecount="4" falsecount="0"/>
      <line num="30" count="1" type="stmt"/>
      <line num="33" count="7" type="cond" truecount="6" falsecount="0"/>
      <line num="38" count="2" type="stmt"/>
      <line num="41" count="5" type="cond" truecount="2" falsecount="0"/>
      <line num="42" count="1" type="stmt"/>
      <line num="45" count="4" type="cond" truecount="2" falsecount="0"/>
      <line num="46" count="1" type="stmt"/>
      <line num="49" count="3" type="stmt"/>
    </file>
  </project>
</coverage>
