{"/home/runner/work/hopecosa/hopecosa/utils/membershipFlow.ts": {"path":"/home/runner/work/hopecosa/hopecosa/utils/membershipFlow.ts","statementMap":{"0":{"start":{"line":15,"column":2},"end":{"line":17,"column":null}},"1":{"start":{"line":16,"column":4},"end":{"line":16,"column":null}},"2":{"start":{"line":19,"column":17},"end":{"line":19,"column":null}},"3":{"start":{"line":21,"column":2},"end":{"line":23,"column":null}},"4":{"start":{"line":22,"column":4},"end":{"line":22,"column":null}},"5":{"start":{"line":25,"column":2},"end":{"line":27,"column":null}},"6":{"start":{"line":26,"column":4},"end":{"line":26,"column":null}},"7":{"start":{"line":29,"column":2},"end":{"line":31,"column":null}},"8":{"start":{"line":30,"column":4},"end":{"line":30,"column":null}},"9":{"start":{"line":33,"column":2},"end":{"line":39,"column":null}},"10":{"start":{"line":38,"column":4},"end":{"line":38,"column":null}},"11":{"start":{"line":41,"column":2},"end":{"line":43,"column":null}},"12":{"start":{"line":42,"column":4},"end":{"line":42,"column":null}},"13":{"start":{"line":45,"column":2},"end":{"line":47,"column":null}},"14":{"start":{"line":46,"column":4},"end":{"line":46,"column":null}},"15":{"start":{"line":49,"column":2},"end":{"line":49,"column":null}}},"fnMap":{"0":{"name":"resolveMembershipRedirect","decl":{"start":{"line":11,"column":16},"end":{"line":11,"column":null}},"loc":{"start":{"line":14,"column":17},"end":{"line":50,"column":null}},"line":14}},"branchMap":{"0":{"loc":{"start":{"line":15,"column":2},"end":{"line":17,"column":null}},"type":"if","locations":[{"start":{"line":15,"column":2},"end":{"line":17,"column":null}},{"start":{},"end":{}}],"line":15},"1":{"loc":{"start":{"line":21,"column":2},"end":{"line":23,"column":null}},"type":"if","locations":[{"start":{"line":21,"column":2},"end":{"line":23,"column":null}},{"start":{},"end":{}}],"line":21},"2":{"loc":{"start":{"line":21,"column":6},"end":{"line":21,"column":62}},"type":"binary-expr","locations":[{"start":{"line":21,"column":6},"end":{"line":21,"column":32}},{"start":{"line":21,"column":32},"end":{"line":21,"column":62}}],"line":21},"3":{"loc":{"start":{"line":25,"column":2},"end":{"line":27,"column":null}},"type":"if","locations":[{"start":{"line":25,"column":2},"end":{"line":27,"column":null}},{"start":{},"end":{}}],"line":25},"4":{"loc":{"start":{"line":25,"column":6},"end":{"line":25,"column":62}},"type":"binary-expr","locations":[{"start":{"line":25,"column":6},"end":{"line":25,"column":38}},{"start":{"line":25,"column":38},"end":{"line":25,"column":62}}],"line":25},"5":{"loc":{"start":{"line":29,"column":2},"end":{"line":31,"column":null}},"type":"if","locations":[{"start":{"line":29,"column":2},"end":{"line":31,"column":null}},{"start":{},"end":{}}],"line":29},"6":{"loc":{"start":{"line":29,"column":6},"end":{"line":29,"column":80}},"type":"binary-expr","locations":[{"start":{"line":29,"column":6},"end":{"line":29,"column":43}},{"start":{"line":29,"column":43},"end":{"line":29,"column":80}}],"line":29},"7":{"loc":{"start":{"line":33,"column":2},"end":{"line":39,"column":null}},"type":"if","locations":[{"start":{"line":33,"column":2},"end":{"line":39,"column":null}},{"start":{},"end":{}}],"line":33},"8":{"loc":{"start":{"line":33,"column":2},"end":{"line":36,"column":null}},"type":"binary-expr","locations":[{"start":{"line":34,"column":5},"end":{"line":34,"column":30}},{"start":{"line":34,"column":30},"end":{"line":34,"column":null}},{"start":{"line":35,"column":4},"end":{"line":35,"column":null}},{"start":{"line":36,"column":4},"end":{"line":36,"column":null}}],"line":33},"9":{"loc":{"start":{"line":41,"column":2},"end":{"line":43,"column":null}},"type":"if","locations":[{"start":{"line":41,"column":2},"end":{"line":43,"column":null}},{"start":{},"end":{}}],"line":41},"10":{"loc":{"start":{"line":45,"column":2},"end":{"line":47,"column":null}},"type":"if","locations":[{"start":{"line":45,"column":2},"end":{"line":47,"column":null}},{"start":{},"end":{}}],"line":45}},"s":{"0":12,"1":1,"2":11,"3":11,"4":1,"5":10,"6":2,"7":8,"8":1,"9":7,"10":2,"11":5,"12":1,"13":4,"14":1,"15":3},"f":{"0":12},"b":{"0":[1,11],"1":[1,10],"2":[11,2],"3":[2,8],"4":[10,2],"5":[1,7],"6":[8,2],"7":[2,5],"8":[7,5,3,3],"9":[1,4],"10":[1,3]},"meta":{"lastBranch":11,"lastFunction":1,"lastStatement":16,"seen":{"f:11:16:11:Infinity":0,"b:15:2:17:Infinity:undefined:undefined:undefined:undefined":0,"s:15:2:17:Infinity":0,"s:16:4:16:Infinity":1,"s:19:17:19:Infinity":2,"b:21:2:23:Infinity:undefined:undefined:undefined:undefined":1,"s:21:2:23:Infinity":3,"b:21:6:21:32:21:32:21:62":2,"s:22:4:22:Infinity":4,"b:25:2:27:Infinity:undefined:undefined:undefined:undefined":3,"s:25:2:27:Infinity":5,"b:25:6:25:38:25:38:25:62":4,"s:26:4:26:Infinity":6,"b:29:2:31:Infinity:undefined:undefined:undefined:undefined":5,"s:29:2:31:Infinity":7,"b:29:6:29:43:29:43:29:80":6,"s:30:4:30:Infinity":8,"b:33:2:39:Infinity:undefined:undefined:undefined:undefined":7,"s:33:2:39:Infinity":9,"b:34:5:34:30:34:30:34:Infinity:35:4:35:Infinity:36:4:36:Infinity":8,"s:38:4:38:Infinity":10,"b:41:2:43:Infinity:undefined:undefined:undefined:undefined":9,"s:41:2:43:Infinity":11,"s:42:4:42:Infinity":12,"b:45:2:47:Infinity:undefined:undefined:undefined:undefined":10,"s:45:2:47:Infinity":13,"s:46:4:46:Infinity":14,"s:49:2:49:Infinity":15}}}
}
